<s:beans xmlns="http://activemq.apache.org/schema/core" xmlns:s="http://www.springframework.org/schema/beans" xmlns:xsi="http://www.w3.org/2001/XMLSchema-instance"
    xsi:schemaLocation="http://www.springframework.org/schema/beans http://www.springframework.org/schema/beans/spring-beans-2.0.xsd
  http://activemq.apache.org/schema/core http://activemq.apache.org/schema/core/activemq-core.xsd">

    <s:bean class="org.springframework.beans.factory.config.PropertyPlaceholderConfigurer" />

    <broker persistent="false" useJmx="false" brokerName="testbroker">
        <transportConnectors>
            <transportConnector name="openwire" uri="tcp://localhost:${test.bind.port}" />
        </transportConnectors>
    </broker>
</s:beans>
